[advent of code 2021](https://adventofcode.com/)

Python for speed  
Rust for learning  


| Day | Part 1 | Part 2 | Rust |
|---|---|---|---|
|01|00:02:56 (1351)|00:10:27 (2583)|[![Rust](https://github.com/kelseyduffy/aoc-2021/actions/workflows/rust_day01.yml/badge.svg)](https://github.com/kelseyduffy/aoc-2021/actions/workflows/rust_day01.yml)|
|02|00:02:05 (__292__)|00:05:44 (1320)|[![Rust](https://github.com/kelseyduffy/aoc-2021/actions/workflows/rust_day02.yml/badge.svg)](https://github.com/kelseyduffy/aoc-2021/actions/workflows/rust_day02.yml)|
|03|08:29:11 (55599)|12:54:27 (49244)|[![Rust](https://github.com/kelseyduffy/aoc-2021/actions/workflows/rust_day03.yml/badge.svg)](https://github.com/kelseyduffy/aoc-2021/actions/workflows/rust_day03.yml)|
|04|00:23:13 (1665)|00:37:26 (2280)|[![Rust](https://github.com/kelseyduffy/aoc-2021/actions/workflows/rust_day04.yml/badge.svg)](https://github.com/kelseyduffy/aoc-2021/actions/workflows/rust_day04.yml)|
|05|12:37:59 (38916)|13:08:42 (36070)|[![Rust](https://github.com/kelseyduffy/aoc-2021/actions/workflows/rust_day05.yml/badge.svg)](https://github.com/kelseyduffy/aoc-2021/actions/workflows/rust_day05.yml)|
|06|00:04:07 (__333__)|01:13:30 (7849)|[![Rust](https://github.com/kelseyduffy/aoc-2021/actions/workflows/rust_day06.yml/badge.svg)](https://github.com/kelseyduffy/aoc-2021/actions/workflows/rust_day06.yml)|
|07|08:31:09 (39518)|08:40:13 (37296)|[![Rust](https://github.com/kelseyduffy/aoc-2021/actions/workflows/rust_day07.yml/badge.svg)](https://github.com/kelseyduffy/aoc-2021/actions/workflows/rust_day07.yml)|
|08|00:09:57 (1878)|09:50:33 (22657)|[![Rust](https://github.com/kelseyduffy/aoc-2021/actions/workflows/rust_day08.yml/badge.svg)](https://github.com/kelseyduffy/aoc-2021/actions/workflows/rust_day08.yml)|
|09|--|--|--|
|10|--|--|--|
|11|--|--|--|
|12|--|--|--|
|13|--|--|--|
|14|--|--|--|
|15|--|--|--|
|16|--|--|--|
|17|--|--|--|
|18|--|--|--|
|19|--|--|--|
|20|--|--|--|
|21|--|--|--|
|22|--|--|--|
|23|--|--|--|
|24|--|--|--|
|25|--|--|--|